This is pdfTeX, Version 3.141592653-2.6-1.40.26 (TeX Live 2024/nixos.org) (preloaded format=pdflatex 1980.1.1)  29 JUN 2025 16:28
entering extended mode
 restricted \write18 enabled.
 %&-line parsing enabled.
**signs.tex
(./signs.tex
LaTeX2e <2024-11-01> patch level 2
L3 programming layer <2025-01-18>

(/nix/store/vafgi83lld6zk7h5slx2zcd198f05v2p-texlive-2024-env-texmfdist/tex/lat
ex/base/article.cls
Document Class: article 2024/06/29 v1.4n Standard LaTeX document class

(/nix/store/vafgi83lld6zk7h5slx2zcd198f05v2p-texlive-2024-env-texmfdist/tex/lat
ex/base/size12.clo
File: size12.clo 2024/06/29 v1.4n Standard LaTeX file (size option)
)
\c@part=\count196
\c@section=\count197
\c@subsection=\count198
\c@subsubsection=\count199
\c@paragraph=\count266
\c@subparagraph=\count267
\c@figure=\count268
\c@table=\count269
\abovecaptionskip=\skip49
\belowcaptionskip=\skip50
\bibindent=\dimen141
)
(/nix/store/vafgi83lld6zk7h5slx2zcd198f05v2p-texlive-2024-env-texmfdist/tex/lat
ex/geometry/geometry.sty
Package: geometry 2020/01/02 v5.9 Page Geometry

(/nix/store/vafgi83lld6zk7h5slx2zcd198f05v2p-texlive-2024-env-texmfdist/tex/lat
ex/graphics/keyval.sty
Package: keyval 2022/05/29 v1.15 key=value parser (DPC)
\KV@toks@=\toks17
)
(/nix/store/vafgi83lld6zk7h5slx2zcd198f05v2p-texlive-2024-env-texmfdist/tex/gen
eric/iftex/ifvtex.sty
Package: ifvtex 2019/10/25 v1.7 ifvtex legacy package. Use iftex instead.

(/nix/store/vafgi83lld6zk7h5slx2zcd198f05v2p-texlive-2024-env-texmfdist/tex/gen
eric/iftex/iftex.sty
Package: iftex 2024/12/12 v1.0g TeX engine tests
))
\Gm@cnth=\count270
\Gm@cntv=\count271
\c@Gm@tempcnt=\count272
\Gm@bindingoffset=\dimen142
\Gm@wd@mp=\dimen143
\Gm@odd@mp=\dimen144
\Gm@even@mp=\dimen145
\Gm@layoutwidth=\dimen146
\Gm@layoutheight=\dimen147
\Gm@layouthoffset=\dimen148
\Gm@layoutvoffset=\dimen149
\Gm@dimlist=\toks18
)
(/nix/store/vafgi83lld6zk7h5slx2zcd198f05v2p-texlive-2024-env-texmfdist/tex/lat
ex/xcolor/xcolor.sty
Package: xcolor 2024/09/29 v3.02 LaTeX color extensions (UK)

(/nix/store/vafgi83lld6zk7h5slx2zcd198f05v2p-texlive-2024-env-texmfdist/tex/lat
ex/graphics-cfg/color.cfg
File: color.cfg 2016/01/02 v1.6 sample color configuration
)
Package xcolor Info: Driver file: pdftex.def on input line 274.

(/nix/store/vafgi83lld6zk7h5slx2zcd198f05v2p-texlive-2024-env-texmfdist/tex/lat
ex/graphics-def/pdftex.def
File: pdftex.def 2024/04/13 v1.2c Graphics/color driver for pdftex
)
(/nix/store/vafgi83lld6zk7h5slx2zcd198f05v2p-texlive-2024-env-texmfdist/tex/lat
ex/graphics/mathcolor.ltx)
Package xcolor Info: Model `cmy' substituted by `cmy0' on input line 1349.
Package xcolor Info: Model `hsb' substituted by `rgb' on input line 1353.
Package xcolor Info: Model `RGB' extended on input line 1365.
Package xcolor Info: Model `HTML' substituted by `rgb' on input line 1367.
Package xcolor Info: Model `Hsb' substituted by `hsb' on input line 1368.
Package xcolor Info: Model `tHsb' substituted by `hsb' on input line 1369.
Package xcolor Info: Model `HSB' substituted by `hsb' on input line 1370.
Package xcolor Info: Model `Gray' substituted by `gray' on input line 1371.
Package xcolor Info: Model `wave' substituted by `hsb' on input line 1372.
)
(/nix/store/vafgi83lld6zk7h5slx2zcd198f05v2p-texlive-2024-env-texmfdist/tex/lat
ex/graphics/graphicx.sty
Package: graphicx 2021/09/16 v1.2d Enhanced LaTeX Graphics (DPC,SPQR)

(/nix/store/vafgi83lld6zk7h5slx2zcd198f05v2p-texlive-2024-env-texmfdist/tex/lat
ex/graphics/graphics.sty
Package: graphics 2024/08/06 v1.4g Standard LaTeX Graphics (DPC,SPQR)

(/nix/store/vafgi83lld6zk7h5slx2zcd198f05v2p-texlive-2024-env-texmfdist/tex/lat
ex/graphics/trig.sty
Package: trig 2023/12/02 v1.11 sin cos tan (DPC)
)
(/nix/store/vafgi83lld6zk7h5slx2zcd198f05v2p-texlive-2024-env-texmfdist/tex/lat
ex/graphics-cfg/graphics.cfg
File: graphics.cfg 2016/06/04 v1.11 sample graphics configuration
)
Package graphics Info: Driver file: pdftex.def on input line 106.
)
\Gin@req@height=\dimen150
\Gin@req@width=\dimen151
)
(/nix/store/vafgi83lld6zk7h5slx2zcd198f05v2p-texlive-2024-env-texmfdist/tex/lat
ex/adjustbox/adjustbox.sty
Package: adjustbox 2025/02/26 v1.3c Adjusting TeX boxes (trim, clip, ...)

(/nix/store/vafgi83lld6zk7h5slx2zcd198f05v2p-texlive-2024-env-texmfdist/tex/lat
ex/xkeyval/xkeyval.sty
Package: xkeyval 2022/06/16 v2.9 package option processing (HA)

(/nix/store/vafgi83lld6zk7h5slx2zcd198f05v2p-texlive-2024-env-texmfdist/tex/gen
eric/xkeyval/xkeyval.tex
(/nix/store/vafgi83lld6zk7h5slx2zcd198f05v2p-texlive-2024-env-texmfdist/tex/gen
eric/xkeyval/xkvutils.tex
\XKV@toks=\toks19
\XKV@tempa@toks=\toks20
)
\XKV@depth=\count273
File: xkeyval.tex 2014/12/03 v2.7a key=value parser (HA)
))
(/nix/store/vafgi83lld6zk7h5slx2zcd198f05v2p-texlive-2024-env-texmfdist/tex/lat
ex/adjustbox/adjcalc.sty
Package: adjcalc 2012/05/16 v1.1 Provides advanced setlength with multiple back
-ends (calc, etex, pgfmath)
)
(/nix/store/vafgi83lld6zk7h5slx2zcd198f05v2p-texlive-2024-env-texmfdist/tex/lat
ex/adjustbox/trimclip.sty
Package: trimclip 2025/02/21 v1.2a Trim and clip general TeX material

(/nix/store/vafgi83lld6zk7h5slx2zcd198f05v2p-texlive-2024-env-texmfdist/tex/lat
ex/collectbox/collectbox.sty
Package: collectbox 2022/10/17 v0.4c Collect macro arguments as boxes
\collectedbox=\box52
)
\tc@llx=\dimen152
\tc@lly=\dimen153
\tc@urx=\dimen154
\tc@ury=\dimen155
Package trimclip Info: Using driver 'tc-pdftex.def'.

(/nix/store/vafgi83lld6zk7h5slx2zcd198f05v2p-texlive-2024-env-texmfdist/tex/lat
ex/adjustbox/tc-pdftex.def
File: tc-pdftex.def 2025/02/26 v2.3 Clipping driver for pdftex
))
\adjbox@Width=\dimen156
\adjbox@Height=\dimen157
\adjbox@Depth=\dimen158
\adjbox@Totalheight=\dimen159
\adjbox@pwidth=\dimen160
\adjbox@pheight=\dimen161
\adjbox@pdepth=\dimen162
\adjbox@ptotalheight=\dimen163

(/nix/store/vafgi83lld6zk7h5slx2zcd198f05v2p-texlive-2024-env-texmfdist/tex/lat
ex/ifoddpage/ifoddpage.sty
Package: ifoddpage 2022/10/18 v1.2 Conditionals for odd/even page detection
\c@checkoddpage=\count274
)
(/nix/store/vafgi83lld6zk7h5slx2zcd198f05v2p-texlive-2024-env-texmfdist/tex/lat
ex/varwidth/varwidth.sty
Package: varwidth 2009/03/30 ver 0.92;  Variable-width minipages
\@vwid@box=\box53
\sift@deathcycles=\count275
\@vwid@loff=\dimen164
\@vwid@roff=\dimen165
))
(/nix/store/vafgi83lld6zk7h5slx2zcd198f05v2p-texlive-2024-env-texmfdist/tex/lat
ex/base/inputenc.sty
Package: inputenc 2024/02/08 v1.3d Input encoding file
\inpenc@prehook=\toks21
\inpenc@posthook=\toks22
)
(/nix/store/vafgi83lld6zk7h5slx2zcd198f05v2p-texlive-2024-env-texmfdist/tex/lat
ex/relsize/relsize.sty
Package: relsize 2013/03/29 ver 4.1
)
(/nix/store/vafgi83lld6zk7h5slx2zcd198f05v2p-texlive-2024-env-texmfdist/tex/lat
ex/setspace/setspace.sty
Package: setspace 2022/12/04 v6.7b set line spacing
)
(/nix/store/vafgi83lld6zk7h5slx2zcd198f05v2p-texlive-2024-env-texmfdist/tex/lat
ex/l3backend/l3backend-pdftex.def
File: l3backend-pdftex.def 2024-05-08 L3 backend support: PDF output (pdfTeX)
\l__color_backend_stack_int=\count276
\l__pdf_internal_box=\box54
) (latexAux/signs.aux)
\openout1 = `signs.aux'.

LaTeX Font Info:    Checking defaults for OML/cmm/m/it on input line 11.
LaTeX Font Info:    ... okay on input line 11.
LaTeX Font Info:    Checking defaults for OMS/cmsy/m/n on input line 11.
LaTeX Font Info:    ... okay on input line 11.
LaTeX Font Info:    Checking defaults for OT1/cmr/m/n on input line 11.
LaTeX Font Info:    ... okay on input line 11.
LaTeX Font Info:    Checking defaults for T1/cmr/m/n on input line 11.
LaTeX Font Info:    ... okay on input line 11.
LaTeX Font Info:    Checking defaults for TS1/cmr/m/n on input line 11.
LaTeX Font Info:    ... okay on input line 11.
LaTeX Font Info:    Checking defaults for OMX/cmex/m/n on input line 11.
LaTeX Font Info:    ... okay on input line 11.
LaTeX Font Info:    Checking defaults for U/cmr/m/n on input line 11.
LaTeX Font Info:    ... okay on input line 11.

*geometry* driver: auto-detecting
*geometry* detected driver: pdftex
*geometry* verbose mode - [ preamble ] result:
* driver: pdftex
* paper: a4paper
* layout: <same size as paper>
* layoutoffset:(h,v)=(0.0pt,0.0pt)
* modes: 
* h-part:(L,W,R)=(14.22636pt, 569.05515pt, 14.22636pt)
* v-part:(T,H,B)=(14.22636pt, 816.59412pt, 14.22636pt)
* \paperwidth=597.50787pt
* \paperheight=845.04684pt
* \textwidth=569.05515pt
* \textheight=816.59412pt
* \oddsidemargin=-58.04362pt
* \evensidemargin=-58.04362pt
* \topmargin=-95.04362pt
* \headheight=12.0pt
* \headsep=25.0pt
* \topskip=12.0pt
* \footskip=30.0pt
* \marginparwidth=35.0pt
* \marginparsep=10.0pt
* \columnsep=10.0pt
* \skip\footins=10.8pt plus 4.0pt minus 2.0pt
* \hoffset=0.0pt
* \voffset=0.0pt
* \mag=1000
* \@twocolumnfalse
* \@twosidefalse
* \@mparswitchfalse
* \@reversemarginfalse
* (1in=72.27pt=25.4mm, 1cm=28.453pt)


(/nix/store/vafgi83lld6zk7h5slx2zcd198f05v2p-texlive-2024-env-texmfdist/tex/con
text/base/mkii/supp-pdf.mkii
[Loading MPS to PDF converter (version 2006.09.02).]
\scratchcounter=\count277
\scratchdimen=\dimen166
\scratchbox=\box55
\nofMPsegments=\count278
\nofMParguments=\count279
\everyMPshowfont=\toks23
\MPscratchCnt=\count280
\MPscratchDim=\dimen167
\MPnumerator=\count281
\makeMPintoPDFobject=\count282
\everyMPtoPDFconversion=\toks24
)
(/nix/store/vafgi83lld6zk7h5slx2zcd198f05v2p-texlive-2024-env-texmfdist/tex/lat
ex/epstopdf-pkg/epstopdf-base.sty
Package: epstopdf-base 2020-01-24 v2.11 Base part for package epstopdf
Package epstopdf-base Info: Redefining graphics rule for `.eps' on input line 4
85.

(/nix/store/vafgi83lld6zk7h5slx2zcd198f05v2p-texlive-2024-env-texmfdist/tex/lat
ex/latexconfig/epstopdf-sys.cfg
File: epstopdf-sys.cfg 2010/07/13 v1.3 Configuration of (r)epstopdf for TeX Liv
e
))

Package relsize Warning: Font size 56.84216pt is too large.
(relsize)                Using 24.88pt instead on input line 39.


Package relsize Warning: Font size 67.5pt is too large.
(relsize)                Using 24.88pt instead on input line 39.

<../../../../../Hobby/fahrrad/things-data/things/vorbauklemmschraube/image.jpg,
 id=1, 683.55376pt x 283.0575pt>
File: ../../../../../Hobby/fahrrad/things-data/things/vorbauklemmschraube/image
.jpg Graphic file (type jpg)
<use ../../../../../Hobby/fahrrad/things-data/things/vorbauklemmschraube/image.
jpg>
Package pdftex.def Info: ../../../../../Hobby/fahrrad/things-data/things/vorbau
klemmschraube/image.jpg  used on input line 39.
(pdftex.def)             Requested size: 0.0pt x 0.0pt.
<../../../../../Hobby/fahrrad/things-data/things/p6ryb/image.jpg, id=2, 233.371
87pt x 146.04562pt>
File: ../../../../../Hobby/fahrrad/things-data/things/p6ryb/image.jpg Graphic f
ile (type jpg)
<use ../../../../../Hobby/fahrrad/things-data/things/p6ryb/image.jpg>
Package pdftex.def Info: ../../../../../Hobby/fahrrad/things-data/things/p6ryb/
image.jpg  used on input line 66.
(pdftex.def)             Requested size: 79.56616pt x 49.793pt.
<../../../../../Hobby/fahrrad/things-data/things/3j8a2/image.png, id=3, 642.4pt
 x 296.10625pt>
File: ../../../../../Hobby/fahrrad/things-data/things/3j8a2/image.png Graphic f
ile (type png)
<use ../../../../../Hobby/fahrrad/things-data/things/3j8a2/image.png>
Package pdftex.def Info: ../../../../../Hobby/fahrrad/things-data/things/3j8a2/
image.png  used on input line 92.
(pdftex.def)             Requested size: 108.02048pt x 49.79068pt.
<../../../../../Hobby/fahrrad/things-data/things/scheibenbremsbelag/image.jpg, 
id=4, 4010.985pt x 2455.1725pt>
File: ../../../../../Hobby/fahrrad/things-data/things/scheibenbremsbelag/image.
jpg Graphic file (type jpg)
<use ../../../../../Hobby/fahrrad/things-data/things/scheibenbremsbelag/image.j
pg>
Package pdftex.def Info: ../../../../../Hobby/fahrrad/things-data/things/scheib
enbremsbelag/image.jpg  used on input line 118.
(pdftex.def)             Requested size: 74.36118pt x 45.51738pt.
<../../../../../Hobby/fahrrad/things-data/things/centerlock_6_loch_adapter/imag
e.jpg, id=5, 493.845pt x 224.33812pt>
File: ../../../../../Hobby/fahrrad/things-data/things/centerlock_6_loch_adapter
/image.jpg Graphic file (type jpg)
<use ../../../../../Hobby/fahrrad/things-data/things/centerlock_6_loch_adapter/
image.jpg>
Package pdftex.def Info: ../../../../../Hobby/fahrrad/things-data/things/center
lock_6_loch_adapter/image.jpg  used on input line 144.
(pdftex.def)             Requested size: 109.60323pt x 49.78926pt.
<dummyImage.jpg, id=6, 671.50874pt x 389.95688pt>
File: dummyImage.jpg Graphic file (type jpg)
<use dummyImage.jpg>
Package pdftex.def Info: dummyImage.jpg  used on input line 171.
(pdftex.def)             Requested size: 85.74174pt x 49.79173pt.
File: dummyImage.jpg Graphic file (type jpg)
<use dummyImage.jpg>
Package pdftex.def Info: dummyImage.jpg  used on input line 197.
(pdftex.def)             Requested size: 85.74174pt x 49.79173pt.
File: dummyImage.jpg Graphic file (type jpg)
<use dummyImage.jpg>
Package pdftex.def Info: dummyImage.jpg  used on input line 223.
(pdftex.def)             Requested size: 85.74174pt x 49.79173pt.
File: dummyImage.jpg Graphic file (type jpg)
<use dummyImage.jpg>
Package pdftex.def Info: dummyImage.jpg  used on input line 249.
(pdftex.def)             Requested size: 85.74174pt x 49.79173pt.

Overfull \hbox (10.7662pt too wide) in paragraph at lines 171--250
[][] [] [] [] 
 []

File: dummyImage.jpg Graphic file (type jpg)
<use dummyImage.jpg>
Package pdftex.def Info: dummyImage.jpg  used on input line 276.
(pdftex.def)             Requested size: 85.74174pt x 49.79173pt.

Package relsize Warning: Font size 55.71423pt is too large.
(relsize)                Using 24.88pt instead on input line 302.


Package relsize Warning: Font size 39.01648pt is too large.
(relsize)                Using 24.88pt instead on input line 302.

<../../../../../Hobby/fahrrad/things-data/things/spacer_kassette/image.png, id=
7, 1060.71281pt x 567.62062pt>
File: ../../../../../Hobby/fahrrad/things-data/things/spacer_kassette/image.png
 Graphic file (type png)
<use ../../../../../Hobby/fahrrad/things-data/things/spacer_kassette/image.png>

Package pdftex.def Info: ../../../../../Hobby/fahrrad/things-data/things/spacer
_kassette/image.png  used on input line 302.
(pdftex.def)             Requested size: 132.91248pt x 71.12563pt.
<../../../../../Hobby/fahrrad/things-data/things/speichenreflektor/image.jpg, i
d=8, 215.30438pt x 118.19156pt>
File: ../../../../../Hobby/fahrrad/things-data/things/speichenreflektor/image.j
pg Graphic file (type jpg)
<use ../../../../../Hobby/fahrrad/things-data/things/speichenreflektor/image.jp
g>
Package pdftex.def Info: ../../../../../Hobby/fahrrad/things-data/things/speich
enreflektor/image.jpg  used on input line 329.
(pdftex.def)             Requested size: 142.53827pt x 78.24652pt.

Package relsize Warning: Font size 28.01184pt is too large.
(relsize)                Using 24.88pt instead on input line 355.

<../../../../../Hobby/fahrrad/things-data/things/sqtzf/image.png, id=9, 963.6pt
 x 935.495pt>
File: ../../../../../Hobby/fahrrad/things-data/things/sqtzf/image.png Graphic f
ile (type png)
<use ../../../../../Hobby/fahrrad/things-data/things/sqtzf/image.png>
Package pdftex.def Info: ../../../../../Hobby/fahrrad/things-data/things/sqtzf/
image.png  used on input line 355.
(pdftex.def)             Requested size: 80.58896pt x 78.23845pt.

Package relsize Warning: Font size 77.14288pt is too large.
(relsize)                Using 24.88pt instead on input line 382.


Package relsize Warning: Font size 84.03552pt is too large.
(relsize)                Using 24.88pt instead on input line 382.

<../../../../../Hobby/fahrrad/things-data/things/rn7un/image.jpg, id=10, 1204.5
pt x 1008.76875pt>
File: ../../../../../Hobby/fahrrad/things-data/things/rn7un/image.jpg Graphic f
ile (type jpg)
<use ../../../../../Hobby/fahrrad/things-data/things/rn7un/image.jpg>
Package pdftex.def Info: ../../../../../Hobby/fahrrad/things-data/things/rn7un/
image.jpg  used on input line 382.
(pdftex.def)             Requested size: 93.4213pt x 78.24034pt.

Package relsize Warning: Font size 46.89478pt is too large.
(relsize)                Using 24.88pt instead on input line 409.


Package relsize Warning: Font size 28.57141pt is too large.
(relsize)                Using 24.88pt instead on input line 409.

<../../../../../Hobby/fahrrad/things-data/things/single_speed_ritzel/image.png,
 id=11, 765.6103pt x 755.82375pt>
File: ../../../../../Hobby/fahrrad/things-data/things/single_speed_ritzel/image
.png Graphic file (type png)
<use ../../../../../Hobby/fahrrad/things-data/things/single_speed_ritzel/image.
png>
Package pdftex.def Info: ../../../../../Hobby/fahrrad/things-data/things/single
_speed_ritzel/image.png  used on input line 409.
(pdftex.def)             Requested size: 86.46037pt x 85.35518pt.

Package relsize Warning: Font size 30.0pt is too large.
(relsize)                Using 24.88pt instead on input line 435.


Package relsize Warning: Font size 46.6864pt is too large.
(relsize)                Using 24.88pt instead on input line 435.

<../../../../../Hobby/fahrrad/things-data/things/schutzblechhalterung/image.jpg
, id=12, 696.35156pt x 681.29532pt>
File: ../../../../../Hobby/fahrrad/things-data/things/schutzblechhalterung/imag
e.jpg Graphic file (type jpg)
<use ../../../../../Hobby/fahrrad/things-data/things/schutzblechhalterung/image
.jpg>
Package pdftex.def Info: ../../../../../Hobby/fahrrad/things-data/things/schutz
blechhalterung/image.jpg  used on input line 435.
(pdftex.def)             Requested size: 87.23499pt x 85.34882pt.

Overfull \hbox (4.07755pt too wide) in paragraph at lines 409--436
[][] [] 
 []



[1

{/nix/store/ap19b4z6rbmi1sj88c2rh7n12rk5hync-texlive-2024-env/share/texmf-var/f
onts/map/pdftex/updmap/pdftex.map} <../../../../../Hobby/fahrrad/things-data/th
ings/vorbauklemmschraube/image.jpg> <../../../../../Hobby/fahrrad/things-data/t
hings/p6ryb/image.jpg> <../../../../../Hobby/fahrrad/things-data/things/3j8a2/i
mage.png> <../../../../../Hobby/fahrrad/things-data/things/scheibenbremsbelag/i
mage.jpg> <../../../../../Hobby/fahrrad/things-data/things/centerlock_6_loch_ad
apter/image.jpg> <./dummyImage.jpg> <../../../../../Hobby/fahrrad/things-data/t
hings/spacer_kassette/image.png> <../../../../../Hobby/fahrrad/things-data/thin
gs/speichenreflektor/image.jpg> <../../../../../Hobby/fahrrad/things-data/thing
s/sqtzf/image.png> <../../../../../Hobby/fahrrad/things-data/things/rn7un/image
.jpg>]

Package relsize Warning: Font size 80.24213pt is too large.
(relsize)                Using 24.88pt instead on input line 462.


Package relsize Warning: Font size 51.35504pt is too large.
(relsize)                Using 24.88pt instead on input line 462.

<../../../../../Hobby/fahrrad/things-data/things/konus/image.jpg, id=22, 1284.8
pt x 963.6pt>
File: ../../../../../Hobby/fahrrad/things-data/things/konus/image.jpg Graphic f
ile (type jpg)
<use ../../../../../Hobby/fahrrad/things-data/things/konus/image.jpg>
Package pdftex.def Info: ../../../../../Hobby/fahrrad/things-data/things/konus/
image.jpg  used on input line 462.
(pdftex.def)             Requested size: 123.29234pt x 92.46925pt.

Package relsize Warning: Font size 50.76929pt is too large.
(relsize)                Using 24.88pt instead on input line 489.


Package relsize Warning: Font size 51.35504pt is too large.
(relsize)                Using 24.88pt instead on input line 489.

<../../../../../Hobby/fahrrad/things-data/things/querzugtraeger/image.png, id=2
3, 250.9375pt x 150.5625pt>
File: ../../../../../Hobby/fahrrad/things-data/things/querzugtraeger/image.png 
Graphic file (type png)
<use ../../../../../Hobby/fahrrad/things-data/things/querzugtraeger/image.png>
Package pdftex.def Info: ../../../../../Hobby/fahrrad/things-data/things/querzu
gtraeger/image.png  used on input line 489.
(pdftex.def)             Requested size: 154.12462pt x 92.47476pt.

Package relsize Warning: Font size 38.57135pt is too large.
(relsize)                Using 24.88pt instead on input line 515.

<../../../../../Hobby/fahrrad/things-data/things/schnellspanner_fuer_vorderrad/
image.jpg, id=25, 958.3805pt x 598.6365pt>
File: ../../../../../Hobby/fahrrad/things-data/things/schnellspanner_fuer_vorde
rrad/image.jpg Graphic file (type jpg)
<use ../../../../../Hobby/fahrrad/things-data/things/schnellspanner_fuer_vorder
rad/image.jpg>
Package pdftex.def Info: ../../../../../Hobby/fahrrad/things-data/things/schnel
lspanner_fuer_vorderrad/image.jpg  used on input line 515.
(pdftex.def)             Requested size: 159.42746pt x 99.58372pt.

Overfull \hbox (4.07753pt too wide) in paragraph at lines 489--516
[][] [] 
 []


Package relsize Warning: Font size 84.41052pt is too large.
(relsize)                Using 24.88pt instead on input line 542.


Package relsize Warning: Font size 38.57135pt is too large.
(relsize)                Using 24.88pt instead on input line 542.

<../../../../../Hobby/fahrrad/things-data/things/standard_steuersatz_ahead_teil
e/image.jpg, id=26, 626.34pt x 324.46219pt>
File: ../../../../../Hobby/fahrrad/things-data/things/standard_steuersatz_ahead
_teile/image.jpg Graphic file (type jpg)
<use ../../../../../Hobby/fahrrad/things-data/things/standard_steuersatz_ahead_
teile/image.jpg>
Package pdftex.def Info: ../../../../../Hobby/fahrrad/things-data/things/standa
rd_steuersatz_ahead_teile/image.jpg  used on input line 542.
(pdftex.def)             Requested size: 192.23283pt x 99.58215pt.

Package relsize Warning: Font size 78.46161pt is too large.
(relsize)                Using 24.88pt instead on input line 569.


Package relsize Warning: Font size 78.46161pt is too large.
(relsize)                Using 24.88pt instead on input line 569.

<../../../../../Hobby/fahrrad/things-data/things/stempelbremse/image.jpg, id=27
, 188.6247pt x 188.6247pt>
File: ../../../../../Hobby/fahrrad/things-data/things/stempelbremse/image.jpg G
raphic file (type jpg)
<use ../../../../../Hobby/fahrrad/things-data/things/stempelbremse/image.jpg>
Package pdftex.def Info: ../../../../../Hobby/fahrrad/things-data/things/stempe
lbremse/image.jpg  used on input line 569.
(pdftex.def)             Requested size: 99.5878pt x 99.5878pt.


[2 <../../../../../Hobby/fahrrad/things-data/things/single_speed_ritzel/image.p
ng> <../../../../../Hobby/fahrrad/things-data/things/schutzblechhalterung/image
.jpg> <../../../../../Hobby/fahrrad/things-data/things/konus/image.jpg> <../../
../../../Hobby/fahrrad/things-data/things/querzugtraeger/image.png> <../../../.
./../Hobby/fahrrad/things-data/things/schnellspanner_fuer_vorderrad/image.jpg> 
<../../../../../Hobby/fahrrad/things-data/things/standard_steuersatz_ahead_teil
e/image.jpg>]

Package relsize Warning: Font size 96.0pt is too large.
(relsize)                Using 24.88pt instead on input line 596.


Package relsize Warning: Font size 48.0pt is too large.
(relsize)                Using 24.88pt instead on input line 596.

<../../../../../Hobby/fahrrad/things-data/things/semi_integrierter_steuersatz_a
head_teile/image.jpg, id=33, 627.09282pt x 302.63063pt>
File: ../../../../../Hobby/fahrrad/things-data/things/semi_integrierter_steuers
atz_ahead_teile/image.jpg Graphic file (type jpg)
<use ../../../../../Hobby/fahrrad/things-data/things/semi_integrierter_steuersa
tz_ahead_teile/image.jpg>
Package pdftex.def Info: ../../../../../Hobby/fahrrad/things-data/things/semi_i
ntegrierter_steuersatz_ahead_teile/image.jpg  used on input line 596.
(pdftex.def)             Requested size: 265.31006pt x 128.03677pt.

Package relsize Warning: Font size 54.99994pt is too large.
(relsize)                Using 24.88pt instead on input line 623.


Package relsize Warning: Font size 51.35504pt is too large.
(relsize)                Using 24.88pt instead on input line 623.

<../../../../../Hobby/fahrrad/things-data/things/wyggp/image.jpg, id=34, 753.56
53pt x 871.75688pt>
File: ../../../../../Hobby/fahrrad/things-data/things/wyggp/image.jpg Graphic f
ile (type jpg)
<use ../../../../../Hobby/fahrrad/things-data/things/wyggp/image.jpg>
Package pdftex.def Info: ../../../../../Hobby/fahrrad/things-data/things/wyggp/
image.jpg  used on input line 623.
(pdftex.def)             Requested size: 86.07751pt x 99.57819pt.

Package relsize Warning: Font size 98.18188pt is too large.
(relsize)                Using 24.88pt instead on input line 650.


Package relsize Warning: Font size 84.03552pt is too large.
(relsize)                Using 24.88pt instead on input line 650.

<../../../../../Hobby/fahrrad/things-data/things/gegenhalter/image.jpg, id=35, 
602.25pt x 451.6875pt>
File: ../../../../../Hobby/fahrrad/things-data/things/gegenhalter/image.jpg Gra
phic file (type jpg)
<use ../../../../../Hobby/fahrrad/things-data/things/gegenhalter/image.jpg>
Package pdftex.def Info: ../../../../../Hobby/fahrrad/things-data/things/gegenh
alter/image.jpg  used on input line 650.
(pdftex.def)             Requested size: 151.74757pt x 113.81068pt.


[3 <../../../../../Hobby/fahrrad/things-data/things/stempelbremse/image.jpg> <.
./../../../../Hobby/fahrrad/things-data/things/semi_integrierter_steuersatz_ahe
ad_teile/image.jpg> <../../../../../Hobby/fahrrad/things-data/things/wyggp/imag
e.jpg>]

Package relsize Warning: Font size 35.45453pt is too large.
(relsize)                Using 24.88pt instead on input line 677.


Package relsize Warning: Font size 43.33337pt is too large.
(relsize)                Using 24.88pt instead on input line 677.

File: dummyImage.jpg Graphic file (type jpg)
<use dummyImage.jpg>
Package pdftex.def Info: dummyImage.jpg  used on input line 677.
(pdftex.def)             Requested size: 195.9826pt x 113.81052pt.

Package relsize Warning: Font size 50.00006pt is too large.
(relsize)                Using 24.88pt instead on input line 704.


Package relsize Warning: Font size 32.32141pt is too large.
(relsize)                Using 24.88pt instead on input line 704.

<../../../../../Hobby/fahrrad/things-data/things/lampenhalter/image.jpg, id=39,
 710.655pt x 558.085pt>
File: ../../../../../Hobby/fahrrad/things-data/things/lampenhalter/image.jpg Gr
aphic file (type jpg)
<use ../../../../../Hobby/fahrrad/things-data/things/lampenhalter/image.jpg>
Package pdftex.def Info: ../../../../../Hobby/fahrrad/things-data/things/lampen
halter/image.jpg  used on input line 704.
(pdftex.def)             Requested size: 163.03514pt x 128.03325pt.

Package relsize Warning: Font size 102.12634pt is too large.
(relsize)                Using 24.88pt instead on input line 731.


Package relsize Warning: Font size 65.36096pt is too large.
(relsize)                Using 24.88pt instead on input line 731.

<../../../../../Hobby/fahrrad/things-data/things/achse/image.jpg, id=40, 210.03
468pt x 163.3603pt>
File: ../../../../../Hobby/fahrrad/things-data/things/achse/image.jpg Graphic f
ile (type jpg)
<use ../../../../../Hobby/fahrrad/things-data/things/achse/image.jpg>
Package pdftex.def Info: ../../../../../Hobby/fahrrad/things-data/things/achse/
image.jpg  used on input line 731.
(pdftex.def)             Requested size: 182.90816pt x 142.26189pt.


[4 <../../../../../Hobby/fahrrad/things-data/things/gegenhalter/image.jpg> <../
../../../../Hobby/fahrrad/things-data/things/lampenhalter/image.jpg>]

Package relsize Warning: Font size 84.0pt is too large.
(relsize)                Using 24.88pt instead on input line 758.


Package relsize Warning: Font size 65.36096pt is too large.
(relsize)                Using 24.88pt instead on input line 758.

<../../../../../Hobby/fahrrad/things-data/things/achsmutter/image.jpg, id=44, 2
13.04594pt x 189.70876pt>
File: ../../../../../Hobby/fahrrad/things-data/things/achsmutter/image.jpg Grap
hic file (type jpg)
<use ../../../../../Hobby/fahrrad/things-data/things/achsmutter/image.jpg>
Package pdftex.def Info: ../../../../../Hobby/fahrrad/things-data/things/achsmu
tter/image.jpg  used on input line 758.
(pdftex.def)             Requested size: 159.76779pt x 142.26672pt.

Package relsize Warning: Font size 65.65265pt is too large.
(relsize)                Using 24.88pt instead on input line 785.


Package relsize Warning: Font size 33.60004pt is too large.
(relsize)                Using 24.88pt instead on input line 785.

File: dummyImage.jpg Graphic file (type jpg)
<use dummyImage.jpg>
Package pdftex.def Info: dummyImage.jpg  used on input line 785.
(pdftex.def)             Requested size: 269.46968pt x 156.48575pt.


[5 <../../../../../Hobby/fahrrad/things-data/things/achse/image.jpg> <../../../
../../Hobby/fahrrad/things-data/things/achsmutter/image.jpg>]

Package relsize Warning: Font size 37.14294pt is too large.
(relsize)                Using 24.88pt instead on input line 812.


Package relsize Warning: Font size 48.75pt is too large.
(relsize)                Using 24.88pt instead on input line 812.

<../../../../../Hobby/fahrrad/things-data/things/schaltwerkschutzbuegel/image.j
pg, id=48, 281.55188pt x 319.94531pt>
File: ../../../../../Hobby/fahrrad/things-data/things/schaltwerkschutzbuegel/im
age.jpg Graphic file (type jpg)
<use ../../../../../Hobby/fahrrad/things-data/things/schaltwerkschutzbuegel/ima
ge.jpg>
Package pdftex.def Info: ../../../../../Hobby/fahrrad/things-data/things/schalt
werkschutzbuegel/image.jpg  used on input line 812.
(pdftex.def)             Requested size: 137.71245pt x 156.49141pt.

Package relsize Warning: Font size 38.57135pt is too large.
(relsize)                Using 24.88pt instead on input line 839.

<../../../../../Hobby/fahrrad/things-data/things/schnellspanner_fuer_hinterrad/
image.jpg, id=49, 958.3805pt x 598.6365pt>
File: ../../../../../Hobby/fahrrad/things-data/things/schnellspanner_fuer_hinte
rrad/image.jpg Graphic file (type jpg)
<use ../../../../../Hobby/fahrrad/things-data/things/schnellspanner_fuer_hinter
rad/image.jpg>
Package pdftex.def Info: ../../../../../Hobby/fahrrad/things-data/things/schnel
lspanner_fuer_hinterrad/image.jpg  used on input line 839.
(pdftex.def)             Requested size: 250.53305pt x 156.49132pt.


[6 <../../../../../Hobby/fahrrad/things-data/things/schaltwerkschutzbuegel/imag
e.jpg>]

Package relsize Warning: Font size 56.2738pt is too large.
(relsize)                Using 24.88pt instead on input line 866.


Package relsize Warning: Font size 32.72736pt is too large.
(relsize)                Using 24.88pt instead on input line 866.

<../../../../../Hobby/fahrrad/things-data/things/klgkr/image.jpg, id=53, 138.75
84pt x 138.7584pt>
File: ../../../../../Hobby/fahrrad/things-data/things/klgkr/image.jpg Graphic f
ile (type jpg)
<use ../../../../../Hobby/fahrrad/things-data/things/klgkr/image.jpg>
Package pdftex.def Info: ../../../../../Hobby/fahrrad/things-data/things/klgkr/
image.jpg  used on input line 866.
(pdftex.def)             Requested size: 156.49873pt x 156.49873pt.

Package relsize Warning: Font size 69.99994pt is too large.
(relsize)                Using 24.88pt instead on input line 893.


Package relsize Warning: Font size 65.36096pt is too large.
(relsize)                Using 24.88pt instead on input line 893.

<../../../../../Hobby/fahrrad/things-data/things/sattelklemme/image.jpg, id=54,
 496.85625pt x 411.5375pt>
File: ../../../../../Hobby/fahrrad/things-data/things/sattelklemme/image.jpg Gr
aphic file (type jpg)
<use ../../../../../Hobby/fahrrad/things-data/things/sattelklemme/image.jpg>
Package pdftex.def Info: ../../../../../Hobby/fahrrad/things-data/things/sattel
klemme/image.jpg  used on input line 893.
(pdftex.def)             Requested size: 223.27998pt x 184.93898pt.


[7 <../../../../../Hobby/fahrrad/things-data/things/schnellspanner_fuer_hinterr
ad/image.jpg> <../../../../../Hobby/fahrrad/things-data/things/klgkr/image.jpg>
]

Package relsize Warning: Font size 33.0pt is too large.
(relsize)                Using 24.88pt instead on input line 920.


Package relsize Warning: Font size 25.67743pt is too large.
(relsize)                Using 24.88pt instead on input line 920.

<../../../../../Hobby/fahrrad/things-data/things/twzuu/image.jpg, id=59, 493.36
32pt x 329.7921pt>
File: ../../../../../Hobby/fahrrad/things-data/things/twzuu/image.jpg Graphic f
ile (type jpg)
<use ../../../../../Hobby/fahrrad/things-data/things/twzuu/image.jpg>
Package pdftex.def Info: ../../../../../Hobby/fahrrad/things-data/things/twzuu/
image.jpg  used on input line 920.
(pdftex.def)             Requested size: 276.67297pt x 184.94397pt.

Package relsize Warning: Font size 52.5pt is too large.
(relsize)                Using 24.88pt instead on input line 947.


Package relsize Warning: Font size 35.00006pt is too large.
(relsize)                Using 24.88pt instead on input line 947.

<../../../../../Hobby/fahrrad/things-data/things/sattelkloben/image.jpg, id=60,
 399.74344pt x 368.87813pt>
File: ../../../../../Hobby/fahrrad/things-data/things/sattelkloben/image.jpg Gr
aphic file (type jpg)
<use ../../../../../Hobby/fahrrad/things-data/things/sattelkloben/image.jpg>
Package pdftex.def Info: ../../../../../Hobby/fahrrad/things-data/things/sattel
kloben/image.jpg  used on input line 947.
(pdftex.def)             Requested size: 200.41408pt x 184.93954pt.


[8 <../../../../../Hobby/fahrrad/things-data/things/sattelklemme/image.jpg> <..
/../../../../Hobby/fahrrad/things-data/things/twzuu/image.jpg>]

Package relsize Warning: Font size 109.42108pt is too large.
(relsize)                Using 24.88pt instead on input line 974.


Package relsize Warning: Font size 70.0296pt is too large.
(relsize)                Using 24.88pt instead on input line 974.

<../../../../../Hobby/fahrrad/things-data/things/sattel/image.jpg, id=64, 484.5
1013pt x 290.58563pt>
File: ../../../../../Hobby/fahrrad/things-data/things/sattel/image.jpg Graphic 
file (type jpg)
<use ../../../../../Hobby/fahrrad/things-data/things/sattel/image.jpg>
Package pdftex.def Info: ../../../../../Hobby/fahrrad/things-data/things/sattel
/image.jpg  used on input line 974.
(pdftex.def)             Requested size: 355.81126pt x 213.39828pt.

Package relsize Warning: Font size 69.99994pt is too large.
(relsize)                Using 24.88pt instead on input line 1001.


Package relsize Warning: Font size 65.36096pt is too large.
(relsize)                Using 24.88pt instead on input line 1001.

<../../../../../Hobby/fahrrad/things-data/things/kettenschutz/image.jpg, id=65,
 265.74281pt x 124.96687pt>
File: ../../../../../Hobby/fahrrad/things-data/things/kettenschutz/image.jpg Gr
aphic file (type jpg)
<use ../../../../../Hobby/fahrrad/things-data/things/kettenschutz/image.jpg>
Package pdftex.def Info: ../../../../../Hobby/fahrrad/things-data/things/ketten
schutz/image.jpg  used on input line 1001.
(pdftex.def)             Requested size: 394.38802pt x 185.46292pt.


[9 <../../../../../Hobby/fahrrad/things-data/things/sattelkloben/image.jpg> <..
/../../../../Hobby/fahrrad/things-data/things/sattel/image.jpg>]

Package relsize Warning: Font size 76.36359pt is too large.
(relsize)                Using 24.88pt instead on input line 1028.


Package relsize Warning: Font size 65.36096pt is too large.
(relsize)                Using 24.88pt instead on input line 1028.

<../../../../../Hobby/fahrrad/things-data/things/lenkergriff/image.jpg, id=69, 
358.5395pt x 240.097pt>
File: ../../../../../Hobby/fahrrad/things-data/things/lenkergriff/image.jpg Gra
phic file (type jpg)
<use ../../../../../Hobby/fahrrad/things-data/things/lenkergriff/image.jpg>
Package pdftex.def Info: ../../../../../Hobby/fahrrad/things-data/things/lenker
griff/image.jpg  used on input line 1028.
(pdftex.def)             Requested size: 382.40253pt x 256.07693pt.


[10 <../../../../../Hobby/fahrrad/things-data/things/kettenschutz/image.jpg>]

Package relsize Warning: Font size 40.12115pt is too large.
(relsize)                Using 24.88pt instead on input line 1055.


Package relsize Warning: Font size 25.67743pt is too large.
(relsize)                Using 24.88pt instead on input line 1055.

File: dummyImage.jpg Graphic file (type jpg)
<use dummyImage.jpg>
Package pdftex.def Info: dummyImage.jpg  used on input line 1055.
(pdftex.def)             Requested size: 308.98999pt x 179.43588pt.


[11 <../../../../../Hobby/fahrrad/things-data/things/lenkergriff/image.jpg>]

[12] (latexAux/signs.aux)
 ***********
LaTeX2e <2024-11-01> patch level 2
L3 programming layer <2025-01-18>
 ***********
 ) 
Here is how much of TeX's memory you used:
 3821 strings out of 473203
 79447 string characters out of 5692202
 475847 words of memory out of 5000000
 27047 multiletter control sequences out of 15000+600000
 560931 words of font info for 43 fonts, out of 8000000 for 9000
 1141 hyphenation exceptions out of 8191
 58i,7n,65p,232b,278s stack positions out of 10000i,1000n,20000p,200000b,200000s
</nix/store/vafgi83lld6zk7h5slx2zcd198f05v2p-texlive-2024-env-texmfdist/fonts
/type1/public/amsfonts/cm/cmr10.pfb></nix/store/vafgi83lld6zk7h5slx2zcd198f05v2
p-texlive-2024-env-texmfdist/fonts/type1/public/amsfonts/cm/cmr12.pfb></nix/sto
re/vafgi83lld6zk7h5slx2zcd198f05v2p-texlive-2024-env-texmfdist/fonts/type1/publ
ic/amsfonts/cm/cmr17.pfb></nix/store/vafgi83lld6zk7h5slx2zcd198f05v2p-texlive-2
024-env-texmfdist/fonts/type1/public/amsfonts/cm/cmr6.pfb>
Output written on latexAux/signs.pdf (12 pages, 6023148 bytes).
PDF statistics:
 98 PDF objects out of 1000 (max. 8388607)
 41 compressed objects within 1 object stream
 0 named destinations out of 1000 (max. 500000)
 161 words of extra memory for PDF output out of 10000 (max. 10000000)

