python test/run_experiment.py --config test/configs/base_vit.py
Model: BASE_ViT-Params_0.81M
Total Trainable Parameters: 0.81M
Files already downloaded and verified
Files already downloaded and verified
Using downloaded and verified file: temp_data/SVHN\test_32x32.mat

--- Epoch 1 ---
Train Epoch 1 Summary: Avg loss: 1.9194, Avg Accuracy: 28.21%, Avg PI: 0.3256, Avg Surprise: 1.4279, Avg Tau: 1.8887
CIFAR10 Val set: Average loss: 1.7772, Accuracy: 3491/10000 (34.91%)    Avg PI: 0.1895
SVHN OOD set: Average loss: 3.2337, Accuracy: 255/2603 (9.80%)  Avg PI: 0.0519

--- Epoch 2 ---
Train Epoch 2 Summary: Avg loss: 1.6741, Avg Accuracy: 37.67%, Avg PI: 0.3077, Avg Surprise: 1.4242, Avg Tau: 1.6906
CIFAR10 Val set: Average loss: 1.6346, Accuracy: 4095/10000 (40.95%)    Avg PI: 0.1032
SVHN OOD set: Average loss: 3.5077, Accuracy: 265/2603 (10.18%) Avg PI: 0.0526

--- Epoch 3 ---
Train Epoch 3 Summary: Avg loss: 1.5328, Avg Accuracy: 43.97%, Avg PI: 0.2566, Avg Surprise: 1.7723, Avg Tau: 1.5542
CIFAR10 Val set: Average loss: 1.4487, Accuracy: 4734/10000 (47.34%)    Avg PI: 0.1004
SVHN OOD set: Average loss: 3.7490, Accuracy: 311/2603 (11.95%) Avg PI: 0.0337

--- Epoch 4 ---
Train Epoch 4 Summary: Avg loss: 1.4330, Avg Accuracy: 47.70%, Avg PI: 0.2137, Avg Surprise: 2.1643, Avg Tau: 1.4530
CIFAR10 Val set: Average loss: 1.3398, Accuracy: 5215/10000 (52.15%)    Avg PI: 0.2026
SVHN OOD set: Average loss: 3.7874, Accuracy: 264/2603 (10.14%) Avg PI: 0.0224

--- Epoch 5 ---
Train Epoch 5 Summary: Avg loss: 1.3392, Avg Accuracy: 51.72%, Avg PI: 0.2183, Avg Surprise: 2.1319, Avg Tau: 1.3589
CIFAR10 Val set: Average loss: 1.2817, Accuracy: 5359/10000 (53.59%)    Avg PI: 0.1290
SVHN OOD set: Average loss: 3.8867, Accuracy: 233/2603 (8.95%)  Avg PI: 0.0156

--- Epoch 6 ---
Train Epoch 6 Summary: Avg loss: 1.2922, Avg Accuracy: 52.74%, Avg PI: 0.2188, Avg Surprise: 2.1062, Avg Tau: 1.3061
CIFAR10 Val set: Average loss: 1.1937, Accuracy: 5694/10000 (56.94%)    Avg PI: 0.1821
SVHN OOD set: Average loss: 4.0690, Accuracy: 244/2603 (9.37%)  Avg PI: 0.0134

--- Epoch 7 ---
Train Epoch 7 Summary: Avg loss: 1.2376, Avg Accuracy: 55.15%, Avg PI: 0.2285, Avg Surprise: 1.9961, Avg Tau: 1.2535
CIFAR10 Val set: Average loss: 1.1735, Accuracy: 5764/10000 (57.64%)    Avg PI: 0.1310
SVHN OOD set: Average loss: 4.2040, Accuracy: 257/2603 (9.87%)  Avg PI: 0.0061

--- Epoch 8 ---
Train Epoch 8 Summary: Avg loss: 1.1835, Avg Accuracy: 57.37%, Avg PI: 0.2235, Avg Surprise: 2.0463, Avg Tau: 1.1933
CIFAR10 Val set: Average loss: 1.1055, Accuracy: 6060/10000 (60.60%)    Avg PI: 0.1627
SVHN OOD set: Average loss: 4.3779, Accuracy: 241/2603 (9.26%)  Avg PI: 0.0074

--- Epoch 9 ---
Train Epoch 9 Summary: Avg loss: 1.1403, Avg Accuracy: 59.16%, Avg PI: 0.2233, Avg Surprise: 2.0680, Avg Tau: 1.1567
CIFAR10 Val set: Average loss: 1.0581, Accuracy: 6215/10000 (62.15%)    Avg PI: 0.1873
SVHN OOD set: Average loss: 4.2962, Accuracy: 254/2603 (9.76%)  Avg PI: 0.0051

--- Epoch 10 ---
Train Epoch 10 Summary: Avg loss: 1.1090, Avg Accuracy: 60.00%, Avg PI: 0.2136, Avg Surprise: 2.1502, Avg Tau: 1.1227
CIFAR10 Val set: Average loss: 1.0624, Accuracy: 6179/10000 (61.79%)    Avg PI: 0.1478
SVHN OOD set: Average loss: 4.4935, Accuracy: 270/2603 (10.37%) Avg PI: 0.0051

--- Epoch 11 ---
Train Epoch 11 Summary: Avg loss: 1.0707, Avg Accuracy: 61.39%, Avg PI: 0.2425, Avg Surprise: 1.8904, Avg Tau: 1.0878
CIFAR10 Val set: Average loss: 1.0162, Accuracy: 6353/10000 (63.53%)    Avg PI: 0.1668
SVHN OOD set: Average loss: 4.6491, Accuracy: 269/2603 (10.33%) Avg PI: 0.0035

--- Epoch 12 ---
Train Epoch 12 Summary: Avg loss: 1.0405, Avg Accuracy: 62.42%, Avg PI: 0.2295, Avg Surprise: 1.9777, Avg Tau: 1.0488
CIFAR10 Val set: Average loss: 0.9859, Accuracy: 6506/10000 (65.06%)    Avg PI: 0.1512
SVHN OOD set: Average loss: 4.6254, Accuracy: 275/2603 (10.56%) Avg PI: 0.0038

--- Epoch 13 ---
Train Epoch 13 Summary: Avg loss: 1.0190, Avg Accuracy: 63.43%, Avg PI: 0.2138, Avg Surprise: 2.1320, Avg Tau: 1.0345
CIFAR10 Val set: Average loss: 0.9373, Accuracy: 6652/10000 (66.52%)    Avg PI: 0.1956
SVHN OOD set: Average loss: 4.6934, Accuracy: 269/2603 (10.33%) Avg PI: 0.0024

--- Epoch 14 ---
Train Epoch 14 Summary: Avg loss: 0.9958, Avg Accuracy: 64.09%, Avg PI: 0.2272, Avg Surprise: 2.0094, Avg Tau: 1.0113
CIFAR10 Val set: Average loss: 0.9339, Accuracy: 6758/10000 (67.58%)    Avg PI: 0.1770
SVHN OOD set: Average loss: 4.8883, Accuracy: 253/2603 (9.72%)  Avg PI: 0.0010

--- Epoch 15 ---
Train Epoch 15 Summary: Avg loss: 0.9632, Avg Accuracy: 65.65%, Avg PI: 0.2372, Avg Surprise: 1.9147, Avg Tau: 0.9721
CIFAR10 Val set: Average loss: 0.9000, Accuracy: 6840/10000 (68.40%)    Avg PI: 0.1882
SVHN OOD set: Average loss: 4.9559, Accuracy: 255/2603 (9.80%)  Avg PI: 0.0011

--- Epoch 16 ---
Train Epoch 16 Summary: Avg loss: 0.9521, Avg Accuracy: 65.89%, Avg PI: 0.2414, Avg Surprise: 1.8618, Avg Tau: 0.9502
CIFAR10 Val set: Average loss: 0.8731, Accuracy: 6955/10000 (69.55%)    Avg PI: 0.2178
SVHN OOD set: Average loss: 4.6744, Accuracy: 255/2603 (9.80%)  Avg PI: 0.0012

--- Epoch 17 ---
Train Epoch 17 Summary: Avg loss: 0.9135, Avg Accuracy: 67.02%, Avg PI: 0.2408, Avg Surprise: 1.9017, Avg Tau: 0.9307
CIFAR10 Val set: Average loss: 0.8616, Accuracy: 6968/10000 (69.68%)    Avg PI: 0.2014
SVHN OOD set: Average loss: 4.8346, Accuracy: 266/2603 (10.22%) Avg PI: 0.0024

--- Epoch 18 ---
Train Epoch 18 Summary: Avg loss: 0.8921, Avg Accuracy: 68.11%, Avg PI: 0.2397, Avg Surprise: 1.9002, Avg Tau: 0.9097
CIFAR10 Val set: Average loss: 0.8374, Accuracy: 7087/10000 (70.87%)    Avg PI: 0.2062
SVHN OOD set: Average loss: 5.1352, Accuracy: 264/2603 (10.14%) Avg PI: 0.0005

--- Epoch 19 ---
Train Epoch 19 Summary: Avg loss: 0.8857, Avg Accuracy: 68.64%, Avg PI: 0.2477, Avg Surprise: 1.8266, Avg Tau: 0.8891
CIFAR10 Val set: Average loss: 0.8649, Accuracy: 6998/10000 (69.98%)    Avg PI: 0.1601
SVHN OOD set: Average loss: 4.9933, Accuracy: 253/2603 (9.72%)  Avg PI: 0.0013

--- Epoch 20 ---
Train Epoch 20 Summary: Avg loss: 0.8616, Avg Accuracy: 69.36%, Avg PI: 0.2533, Avg Surprise: 1.7752, Avg Tau: 0.8683
CIFAR10 Val set: Average loss: 0.8408, Accuracy: 7015/10000 (70.15%)    Avg PI: 0.1660
SVHN OOD set: Average loss: 5.0810, Accuracy: 266/2603 (10.22%) Avg PI: 0.0009

Plots saved to: E:\Dev\Chain\SigmaPI\output\ViT
