This is pdfTeX, Version 3.141592653-2.6-1.40.26 (TeX Live 2024/nixos.org) (preloaded format=pdflatex 1980.1.1)  9 JUN 2025 09:58
entering extended mode
 restricted \write18 enabled.
 %&-line parsing enabled.
**2547653331636224370.tex
(./2547653331636224370.tex
LaTeX2e <2024-11-01> patch level 2
L3 programming layer <2025-01-18>

(/nix/store/ndgrqbgrdz8a66mvfhjszrskvwsmsn22-texlive-2024-env-texmfdist/tex/lat
ex/standalone/standalone.cls
Document Class: standalone 2025/02/22 v1.5a Class to compile TeX sub-files stan
dalone

(/nix/store/ndgrqbgrdz8a66mvfhjszrskvwsmsn22-texlive-2024-env-texmfdist/tex/lat
ex/tools/shellesc.sty
Package: shellesc 2023/07/08 v1.0d unified shell escape interface for LaTeX
Package shellesc Info: Restricted shell escape enabled on input line 77.
)
(/nix/store/ndgrqbgrdz8a66mvfhjszrskvwsmsn22-texlive-2024-env-texmfdist/tex/gen
eric/iftex/ifluatex.sty
Package: ifluatex 2019/10/25 v1.5 ifluatex legacy package. Use iftex instead.

(/nix/store/ndgrqbgrdz8a66mvfhjszrskvwsmsn22-texlive-2024-env-texmfdist/tex/gen
eric/iftex/iftex.sty
Package: iftex 2024/12/12 v1.0g TeX engine tests
))
(/nix/store/ndgrqbgrdz8a66mvfhjszrskvwsmsn22-texlive-2024-env-texmfdist/tex/lat
ex/xkeyval/xkeyval.sty
Package: xkeyval 2022/06/16 v2.9 package option processing (HA)

(/nix/store/ndgrqbgrdz8a66mvfhjszrskvwsmsn22-texlive-2024-env-texmfdist/tex/gen
eric/xkeyval/xkeyval.tex
(/nix/store/ndgrqbgrdz8a66mvfhjszrskvwsmsn22-texlive-2024-env-texmfdist/tex/gen
eric/xkeyval/xkvutils.tex
\XKV@toks=\toks17
\XKV@tempa@toks=\toks18

(/nix/store/ndgrqbgrdz8a66mvfhjszrskvwsmsn22-texlive-2024-env-texmfdist/tex/gen
eric/xkeyval/keyval.tex))
\XKV@depth=\count196
File: xkeyval.tex 2014/12/03 v2.7a key=value parser (HA)
))
\sa@internal=\count197
\c@sapage=\count198

(/nix/store/ndgrqbgrdz8a66mvfhjszrskvwsmsn22-texlive-2024-env-texmfdist/tex/lat
ex/standalone/standalone.cfg
File: standalone.cfg 2025/02/22 v1.5a Default configuration file for 'standalon
e' class
)
(/nix/store/ndgrqbgrdz8a66mvfhjszrskvwsmsn22-texlive-2024-env-texmfdist/tex/lat
ex/base/article.cls
Document Class: article 2024/06/29 v1.4n Standard LaTeX document class

(/nix/store/ndgrqbgrdz8a66mvfhjszrskvwsmsn22-texlive-2024-env-texmfdist/tex/lat
ex/base/size10.clo
File: size10.clo 2024/06/29 v1.4n Standard LaTeX file (size option)
)
\c@part=\count199
\c@section=\count266
\c@subsection=\count267
\c@subsubsection=\count268
\c@paragraph=\count269
\c@subparagraph=\count270
\c@figure=\count271
\c@table=\count272
\abovecaptionskip=\skip49
\belowcaptionskip=\skip50
\bibindent=\dimen141
)
\sa@box=\box52
)
(/nix/store/ndgrqbgrdz8a66mvfhjszrskvwsmsn22-texlive-2024-env-texmfdist/tex/lat
ex/xcolor/xcolor.sty
Package: xcolor 2024/09/29 v3.02 LaTeX color extensions (UK)

(/nix/store/ndgrqbgrdz8a66mvfhjszrskvwsmsn22-texlive-2024-env-texmfdist/tex/lat
ex/graphics-cfg/color.cfg
File: color.cfg 2016/01/02 v1.6 sample color configuration
)
Package xcolor Info: Driver file: pdftex.def on input line 274.

(/nix/store/ndgrqbgrdz8a66mvfhjszrskvwsmsn22-texlive-2024-env-texmfdist/tex/lat
ex/graphics-def/pdftex.def
File: pdftex.def 2024/04/13 v1.2c Graphics/color driver for pdftex
)
(/nix/store/ndgrqbgrdz8a66mvfhjszrskvwsmsn22-texlive-2024-env-texmfdist/tex/lat
ex/graphics/mathcolor.ltx)
Package xcolor Info: Model `cmy' substituted by `cmy0' on input line 1349.
Package xcolor Info: Model `hsb' substituted by `rgb' on input line 1353.
Package xcolor Info: Model `RGB' extended on input line 1365.
Package xcolor Info: Model `HTML' substituted by `rgb' on input line 1367.
Package xcolor Info: Model `Hsb' substituted by `hsb' on input line 1368.
Package xcolor Info: Model `tHsb' substituted by `hsb' on input line 1369.
Package xcolor Info: Model `HSB' substituted by `hsb' on input line 1370.
Package xcolor Info: Model `Gray' substituted by `gray' on input line 1371.
Package xcolor Info: Model `wave' substituted by `hsb' on input line 1372.
)
(/nix/store/ndgrqbgrdz8a66mvfhjszrskvwsmsn22-texlive-2024-env-texmfdist/tex/lat
ex/graphics/graphicx.sty
Package: graphicx 2021/09/16 v1.2d Enhanced LaTeX Graphics (DPC,SPQR)

(/nix/store/ndgrqbgrdz8a66mvfhjszrskvwsmsn22-texlive-2024-env-texmfdist/tex/lat
ex/graphics/graphics.sty
Package: graphics 2024/08/06 v1.4g Standard LaTeX Graphics (DPC,SPQR)

(/nix/store/ndgrqbgrdz8a66mvfhjszrskvwsmsn22-texlive-2024-env-texmfdist/tex/lat
ex/graphics/trig.sty
Package: trig 2023/12/02 v1.11 sin cos tan (DPC)
)
(/nix/store/ndgrqbgrdz8a66mvfhjszrskvwsmsn22-texlive-2024-env-texmfdist/tex/lat
ex/graphics-cfg/graphics.cfg
File: graphics.cfg 2016/06/04 v1.11 sample graphics configuration
)
Package graphics Info: Driver file: pdftex.def on input line 106.
)
\Gin@req@height=\dimen142
\Gin@req@width=\dimen143
)
(/nix/store/ndgrqbgrdz8a66mvfhjszrskvwsmsn22-texlive-2024-env-texmfdist/tex/lat
ex/adjustbox/adjustbox.sty
Package: adjustbox 2025/02/26 v1.3c Adjusting TeX boxes (trim, clip, ...)

(/nix/store/ndgrqbgrdz8a66mvfhjszrskvwsmsn22-texlive-2024-env-texmfdist/tex/lat
ex/adjustbox/adjcalc.sty
Package: adjcalc 2012/05/16 v1.1 Provides advanced setlength with multiple back
-ends (calc, etex, pgfmath)
)
(/nix/store/ndgrqbgrdz8a66mvfhjszrskvwsmsn22-texlive-2024-env-texmfdist/tex/lat
ex/adjustbox/trimclip.sty
Package: trimclip 2025/02/21 v1.2a Trim and clip general TeX material

(/nix/store/ndgrqbgrdz8a66mvfhjszrskvwsmsn22-texlive-2024-env-texmfdist/tex/lat
ex/collectbox/collectbox.sty
Package: collectbox 2022/10/17 v0.4c Collect macro arguments as boxes
\collectedbox=\box53
)
\tc@llx=\dimen144
\tc@lly=\dimen145
\tc@urx=\dimen146
\tc@ury=\dimen147
Package trimclip Info: Using driver 'tc-pdftex.def'.

(/nix/store/ndgrqbgrdz8a66mvfhjszrskvwsmsn22-texlive-2024-env-texmfdist/tex/lat
ex/adjustbox/tc-pdftex.def
File: tc-pdftex.def 2025/02/26 v2.3 Clipping driver for pdftex
))
\adjbox@Width=\dimen148
\adjbox@Height=\dimen149
\adjbox@Depth=\dimen150
\adjbox@Totalheight=\dimen151
\adjbox@pwidth=\dimen152
\adjbox@pheight=\dimen153
\adjbox@pdepth=\dimen154
\adjbox@ptotalheight=\dimen155

(/nix/store/ndgrqbgrdz8a66mvfhjszrskvwsmsn22-texlive-2024-env-texmfdist/tex/lat
ex/ifoddpage/ifoddpage.sty
Package: ifoddpage 2022/10/18 v1.2 Conditionals for odd/even page detection
\c@checkoddpage=\count273
)
(/nix/store/ndgrqbgrdz8a66mvfhjszrskvwsmsn22-texlive-2024-env-texmfdist/tex/lat
ex/varwidth/varwidth.sty
Package: varwidth 2009/03/30 ver 0.92;  Variable-width minipages
\@vwid@box=\box54
\sift@deathcycles=\count274
\@vwid@loff=\dimen156
\@vwid@roff=\dimen157
))
(/nix/store/ndgrqbgrdz8a66mvfhjszrskvwsmsn22-texlive-2024-env-texmfdist/tex/lat
ex/base/inputenc.sty
Package: inputenc 2024/02/08 v1.3d Input encoding file
\inpenc@prehook=\toks19
\inpenc@posthook=\toks20
)
(/nix/store/ndgrqbgrdz8a66mvfhjszrskvwsmsn22-texlive-2024-env-texmfdist/tex/lat
ex/relsize/relsize.sty
Package: relsize 2013/03/29 ver 4.1
)
(/nix/store/ndgrqbgrdz8a66mvfhjszrskvwsmsn22-texlive-2024-env-texmfdist/tex/lat
ex/setspace/setspace.sty
Package: setspace 2022/12/04 v6.7b set line spacing
)
(/nix/store/ndgrqbgrdz8a66mvfhjszrskvwsmsn22-texlive-2024-env-texmfdist/tex/lat
ex/l3backend/l3backend-pdftex.def
File: l3backend-pdftex.def 2024-05-08 L3 backend support: PDF output (pdfTeX)
\l__color_backend_stack_int=\count275
\l__pdf_internal_box=\box55
) (latexAux/2547653331636224370.aux)
\openout1 = `2547653331636224370.aux'.

LaTeX Font Info:    Checking defaults for OML/cmm/m/it on input line 10.
LaTeX Font Info:    ... okay on input line 10.
LaTeX Font Info:    Checking defaults for OMS/cmsy/m/n on input line 10.
LaTeX Font Info:    ... okay on input line 10.
LaTeX Font Info:    Checking defaults for OT1/cmr/m/n on input line 10.
LaTeX Font Info:    ... okay on input line 10.
LaTeX Font Info:    Checking defaults for T1/cmr/m/n on input line 10.
LaTeX Font Info:    ... okay on input line 10.
LaTeX Font Info:    Checking defaults for TS1/cmr/m/n on input line 10.
LaTeX Font Info:    ... okay on input line 10.
LaTeX Font Info:    Checking defaults for OMX/cmex/m/n on input line 10.
LaTeX Font Info:    ... okay on input line 10.
LaTeX Font Info:    Checking defaults for U/cmr/m/n on input line 10.
LaTeX Font Info:    ... okay on input line 10.

(/nix/store/ndgrqbgrdz8a66mvfhjszrskvwsmsn22-texlive-2024-env-texmfdist/tex/con
text/base/mkii/supp-pdf.mkii
[Loading MPS to PDF converter (version 2006.09.02).]
\scratchcounter=\count276
\scratchdimen=\dimen158
\scratchbox=\box56
\nofMPsegments=\count277
\nofMParguments=\count278
\everyMPshowfont=\toks21
\MPscratchCnt=\count279
\MPscratchDim=\dimen159
\MPnumerator=\count280
\makeMPintoPDFobject=\count281
\everyMPtoPDFconversion=\toks22
)
(/nix/store/ndgrqbgrdz8a66mvfhjszrskvwsmsn22-texlive-2024-env-texmfdist/tex/lat
ex/epstopdf-pkg/epstopdf-base.sty
Package: epstopdf-base 2020-01-24 v2.11 Base part for package epstopdf
Package epstopdf-base Info: Redefining graphics rule for `.eps' on input line 4
85.

(/nix/store/ndgrqbgrdz8a66mvfhjszrskvwsmsn22-texlive-2024-env-texmfdist/tex/lat
ex/latexconfig/epstopdf-sys.cfg
File: epstopdf-sys.cfg 2010/07/13 v1.3 Configuration of (r)epstopdf for TeX Liv
e
))

Package relsize Warning: Font size 35.0pt is too large.
(relsize)                Using 24.88pt instead on input line 37.


Package relsize Warning: Font size 0.0pt is too small.
(relsize)                Using 5.0pt instead on input line 37.

<../../../../../Hobby/fahrrad/things-data/things/spacer_kassette/image.png, id=
1, 1060.71281pt x 567.62062pt>
File: ../../../../../Hobby/fahrrad/things-data/things/spacer_kassette/image.png
 Graphic file (type png)
<use ../../../../../Hobby/fahrrad/things-data/things/spacer_kassette/image.png>

Package pdftex.def Info: ../../../../../Hobby/fahrrad/things-data/things/spacer
_kassette/image.png  used on input line 37.
(pdftex.def)             Requested size: 132.91248pt x 71.12563pt.


[1


Non-PDF special ignored!
<special> papersize=373.3691pt,143.06377pt
{/nix/store/s1gbbraxcwyfhk9vsjcz9pgih5kb383s-texlive-2024-env/share/texmf-var/f
onts/map/pdftex/updmap/pdftex.map} <../../../../../Hobby/fahrrad/things-data/th
ings/spacer_kassette/image.png>] (latexAux/2547653331636224370.aux)
 ***********
LaTeX2e <2024-11-01> patch level 2
L3 programming layer <2025-01-18>
 ***********
 ) 
Here is how much of TeX's memory you used:
 3419 strings out of 473203
 62521 string characters out of 5692202
 449070 words of memory out of 5000000
 26643 multiletter control sequences out of 15000+600000
 559136 words of font info for 37 fonts, out of 8000000 for 9000
 1141 hyphenation exceptions out of 8191
 58i,7n,71p,246b,289s stack positions out of 10000i,1000n,20000p,200000b,200000s
</nix/store/ndgrqbgrdz8a66mvfhjszrskvwsmsn22-texlive-2024-env-texmfdist/fonts
/type1/public/amsfonts/cm/cmr17.pfb></nix/store/ndgrqbgrdz8a66mvfhjszrskvwsmsn2
2-texlive-2024-env-texmfdist/fonts/type1/public/amsfonts/cm/cmr5.pfb>
Output written on latexAux/2547653331636224370.pdf (1 page, 623551 bytes).
PDF statistics:
 19 PDF objects out of 1000 (max. 8388607)
 10 compressed objects within 1 object stream
 0 named destinations out of 1000 (max. 500000)
 6 words of extra memory for PDF output out of 10000 (max. 10000000)

