INFO:root:Create thing list
WARNING:thing:Image `images_landscape/bremsscheibenbefestigungsschraube.jpg` does not exist.
WARNING:thing:Image `images_portrait/bremsscheibenbefestigungsschraube.jpg` does not exist.
INFO:root:Start creating tree view.
DEBUG:root:Start insertion walkthrough
DEBUG:root:Start insertion walkthrough
DEBUG:root:Start insertion walkthrough
DEBUG:root:Start insertion walkthrough
INFO:root:Start creating markdownlist.
INFO:root:Start creating sign LaTeX.
WARNING:sign:German and English are missing for printing.
WARNING:signprinter_latex:Missing image for Kleinteile mechanischer Scheibenbremssattel (looking in ../images_landscape).
WARNING:sign:German and English are missing for printing.
INFO:root:german: todo: Deutscher Begriff, english: todo: English term, case: 0 lines: (1, 1, 0,german_max_by_height: 2.127633706581075, german_max_by_width: 1.0869565217391304, english_max_by_height: 1.3616855722118881, english_max_by_width: 1.3888888888888886
INFO:root:german: todo: Deutscher Begriff, english: todo: English term, case: 1 lines: (1, 2, 1,german_max_by_height: 1.4729771814792059, german_max_by_width: 1.0869565217391304, english_max_by_height: 0.9427053961466918, english_max_by_width: 3.571428571428571
INFO:root:german: todo: Deutscher Begriff, english: todo: English term, case: 2 lines: (2, 1, 2,german_max_by_height: 1.3677645256592625, german_max_by_width: 2.7777777777777777, english_max_by_height: 0.8753692964219281, english_max_by_width: 1.3888888888888886
INFO:root:german: todo: Deutscher Begriff, english: todo: English term, case: 3 lines: (2, 2, 3,german_max_by_height: 1.0638168532905374, german_max_by_width: 2.7777777777777777, english_max_by_height: 0.6808427861059441, english_max_by_width: 3.571428571428571
INFO:root:Kleinteile mechanischer Scheibenbremssattel font factor: (de) 1.0869565217391304 (en) 1.3616855722118881
WARNING:sign:German and English are missing for printing.
WARNING:signprinter_latex:Missing image for Bremsbelagfeder Hydraulikscheibenbremse (looking in ../images_landscape).
WARNING:sign:German and English are missing for printing.
INFO:root:german: todo: Deutscher Begriff, english: todo: English term, case: 0 lines: (1, 1, 0,german_max_by_height: 2.127633706581075, german_max_by_width: 1.0869565217391304, english_max_by_height: 1.3616855722118881, english_max_by_width: 1.3888888888888886
INFO:root:german: todo: Deutscher Begriff, english: todo: English term, case: 1 lines: (1, 2, 1,german_max_by_height: 1.4729771814792059, german_max_by_width: 1.0869565217391304, english_max_by_height: 0.9427053961466918, english_max_by_width: 3.571428571428571
INFO:root:german: todo: Deutscher Begriff, english: todo: English term, case: 2 lines: (2, 1, 2,german_max_by_height: 1.3677645256592625, german_max_by_width: 2.7777777777777777, english_max_by_height: 0.8753692964219281, english_max_by_width: 1.3888888888888886
INFO:root:german: todo: Deutscher Begriff, english: todo: English term, case: 3 lines: (2, 2, 3,german_max_by_height: 1.0638168532905374, german_max_by_width: 2.7777777777777777, english_max_by_height: 0.6808427861059441, english_max_by_width: 3.571428571428571
INFO:root:Bremsbelagfeder Hydraulikscheibenbremse font factor: (de) 1.0869565217391304 (en) 1.3616855722118881
WARNING:sign:German and English are missing for printing.
WARNING:signprinter_latex:Missing image for Centerlock-6-Loch-Adapter (looking in ../images_landscape).
WARNING:sign:German and English are missing for printing.
INFO:root:german: todo: Deutscher Begriff, english: todo: English term, case: 0 lines: (1, 1, 0,german_max_by_height: 2.127633706581075, german_max_by_width: 1.0869565217391304, english_max_by_height: 1.3616855722118881, english_max_by_width: 1.3888888888888886
INFO:root:german: todo: Deutscher Begriff, english: todo: English term, case: 1 lines: (1, 2, 1,german_max_by_height: 1.4729771814792059, german_max_by_width: 1.0869565217391304, english_max_by_height: 0.9427053961466918, english_max_by_width: 3.571428571428571
INFO:root:german: todo: Deutscher Begriff, english: todo: English term, case: 2 lines: (2, 1, 2,german_max_by_height: 1.3677645256592625, german_max_by_width: 2.7777777777777777, english_max_by_height: 0.8753692964219281, english_max_by_width: 1.3888888888888886
INFO:root:german: todo: Deutscher Begriff, english: todo: English term, case: 3 lines: (2, 2, 3,german_max_by_height: 1.0638168532905374, german_max_by_width: 2.7777777777777777, english_max_by_height: 0.6808427861059441, english_max_by_width: 3.571428571428571
INFO:root:Centerlock-6-Loch-Adapter font factor: (de) 1.0869565217391304 (en) 1.3616855722118881
WARNING:sign:German and English are missing for printing.
WARNING:signprinter_latex:Missing image for Centerlock ring (looking in ../images_landscape).
WARNING:sign:German and English are missing for printing.
INFO:root:german: todo: Deutscher Begriff, english: todo: English term, case: 0 lines: (1, 1, 0,german_max_by_height: 2.127633706581075, german_max_by_width: 1.0869565217391304, english_max_by_height: 1.3616855722118881, english_max_by_width: 1.3888888888888886
INFO:root:german: todo: Deutscher Begriff, english: todo: English term, case: 1 lines: (1, 2, 1,german_max_by_height: 1.4729771814792059, german_max_by_width: 1.0869565217391304, english_max_by_height: 0.9427053961466918, english_max_by_width: 3.571428571428571
INFO:root:german: todo: Deutscher Begriff, english: todo: English term, case: 2 lines: (2, 1, 2,german_max_by_height: 1.3677645256592625, german_max_by_width: 2.7777777777777777, english_max_by_height: 0.8753692964219281, english_max_by_width: 1.3888888888888886
INFO:root:german: todo: Deutscher Begriff, english: todo: English term, case: 3 lines: (2, 2, 3,german_max_by_height: 1.0638168532905374, german_max_by_width: 2.7777777777777777, english_max_by_height: 0.6808427861059441, english_max_by_width: 3.571428571428571
INFO:root:Centerlock ring font factor: (de) 1.0869565217391304 (en) 1.3616855722118881
WARNING:sign:German and English are missing for printing.
WARNING:signprinter_latex:Missing image for Sicherungssplint f체r Scheibenbremsbel채ge  (looking in ../images_landscape).
WARNING:sign:German and English are missing for printing.
INFO:root:german: todo: Deutscher Begriff, english: todo: English term, case: 0 lines: (1, 1, 0,german_max_by_height: 2.127633706581075, german_max_by_width: 1.0869565217391304, english_max_by_height: 1.3616855722118881, english_max_by_width: 1.3888888888888886
INFO:root:german: todo: Deutscher Begriff, english: todo: English term, case: 1 lines: (1, 2, 1,german_max_by_height: 1.4729771814792059, german_max_by_width: 1.0869565217391304, english_max_by_height: 0.9427053961466918, english_max_by_width: 3.571428571428571
INFO:root:german: todo: Deutscher Begriff, english: todo: English term, case: 2 lines: (2, 1, 2,german_max_by_height: 1.3677645256592625, german_max_by_width: 2.7777777777777777, english_max_by_height: 0.8753692964219281, english_max_by_width: 1.3888888888888886
INFO:root:german: todo: Deutscher Begriff, english: todo: English term, case: 3 lines: (2, 2, 3,german_max_by_height: 1.0638168532905374, german_max_by_width: 2.7777777777777777, english_max_by_height: 0.6808427861059441, english_max_by_width: 3.571428571428571
INFO:root:Sicherungssplint f체r Scheibenbremsbel채ge  font factor: (de) 1.0869565217391304 (en) 1.3616855722118881
WARNING:sign:German and English are missing for printing.
WARNING:signprinter_latex:Missing image for Scheibenbremsbelag (looking in ../images_landscape).
WARNING:sign:German and English are missing for printing.
INFO:root:german: todo: Deutscher Begriff, english: todo: English term, case: 0 lines: (1, 1, 0,german_max_by_height: 2.127633706581075, german_max_by_width: 1.0869565217391304, english_max_by_height: 1.3616855722118881, english_max_by_width: 1.3888888888888886
INFO:root:german: todo: Deutscher Begriff, english: todo: English term, case: 1 lines: (1, 2, 1,german_max_by_height: 1.4729771814792059, german_max_by_width: 1.0869565217391304, english_max_by_height: 0.9427053961466918, english_max_by_width: 3.571428571428571
INFO:root:german: todo: Deutscher Begriff, english: todo: English term, case: 2 lines: (2, 1, 2,german_max_by_height: 1.3677645256592625, german_max_by_width: 2.7777777777777777, english_max_by_height: 0.8753692964219281, english_max_by_width: 1.3888888888888886
INFO:root:german: todo: Deutscher Begriff, english: todo: English term, case: 3 lines: (2, 2, 3,german_max_by_height: 1.0638168532905374, german_max_by_width: 2.7777777777777777, english_max_by_height: 0.6808427861059441, english_max_by_width: 3.571428571428571
INFO:root:Scheibenbremsbelag font factor: (de) 1.0869565217391304 (en) 1.3616855722118881
WARNING:sign:German and English are missing for printing.
WARNING:signprinter_latex:Missing image for Scheibenbremsenadapter (looking in ../images_landscape).
WARNING:sign:German and English are missing for printing.
INFO:root:german: todo: Deutscher Begriff, english: todo: English term, case: 0 lines: (1, 1, 0,german_max_by_height: 4.8631627578996, german_max_by_width: 2.826086956521739, english_max_by_height: 3.112424165055744, english_max_by_width: 3.6111111111111107
INFO:root:german: todo: Deutscher Begriff, english: todo: English term, case: 1 lines: (1, 2, 1,german_max_by_height: 3.3668049862381846, german_max_by_width: 2.826086956521739, english_max_by_height: 2.154755191192438, english_max_by_width: 9.285714285714285
INFO:root:german: todo: Deutscher Begriff, english: todo: English term, case: 2 lines: (2, 1, 2,german_max_by_height: 3.1263189157925995, german_max_by_width: 7.222222222222222, english_max_by_height: 2.0008441061072637, english_max_by_width: 3.6111111111111107
INFO:root:german: todo: Deutscher Begriff, english: todo: English term, case: 3 lines: (2, 2, 3,german_max_by_height: 2.4315813789498, german_max_by_width: 7.222222222222222, english_max_by_height: 1.556212082527872, english_max_by_width: 9.285714285714285
INFO:root:Scheibenbremsenadapter font factor: (de) 2.826086956521739 (en) 3.112424165055744
